[2023-08-17T00:32:23.281+0000] {processor.py:153} INFO - Started process (PID=220) to work on /home/airflow/.local/lib/python3.7/site-packages/airflow/example_dags/example_python_operator.py
[2023-08-17T00:32:23.282+0000] {processor.py:743} INFO - Processing file /home/airflow/.local/lib/python3.7/site-packages/airflow/example_dags/example_python_operator.py for tasks to queue
[2023-08-17T00:32:23.282+0000] {logging_mixin.py:137} INFO - [2023-08-17T00:32:23.282+0000] {dagbag.py:538} INFO - Filling up the DagBag from /home/airflow/.local/lib/python3.7/site-packages/airflow/example_dags/example_python_operator.py
[2023-08-17T00:32:23.305+0000] {logging_mixin.py:137} INFO - [2023-08-17T00:32:23.305+0000] {taskmixin.py:205} WARNING - Dependency <Task(_PythonDecoratedOperator): print_the_context>, log_sql_query already registered for DAG: example_python_operator
[2023-08-17T00:32:23.306+0000] {logging_mixin.py:137} INFO - [2023-08-17T00:32:23.306+0000] {taskmixin.py:205} WARNING - Dependency <Task(_PythonDecoratedOperator): log_sql_query>, print_the_context already registered for DAG: example_python_operator
[2023-08-17T00:32:23.307+0000] {logging_mixin.py:137} INFO - [2023-08-17T00:32:23.307+0000] {taskmixin.py:205} WARNING - Dependency <Task(_PythonDecoratedOperator): print_the_context>, log_sql_query already registered for DAG: example_python_operator
[2023-08-17T00:32:23.307+0000] {logging_mixin.py:137} INFO - [2023-08-17T00:32:23.307+0000] {taskmixin.py:205} WARNING - Dependency <Task(_PythonDecoratedOperator): log_sql_query>, print_the_context already registered for DAG: example_python_operator
[2023-08-17T00:32:23.307+0000] {logging_mixin.py:137} INFO - [2023-08-17T00:32:23.307+0000] {taskmixin.py:205} WARNING - Dependency <Task(_PythonDecoratedOperator): print_the_context>, log_sql_query already registered for DAG: example_python_operator
[2023-08-17T00:32:23.308+0000] {logging_mixin.py:137} INFO - [2023-08-17T00:32:23.308+0000] {taskmixin.py:205} WARNING - Dependency <Task(_PythonDecoratedOperator): log_sql_query>, print_the_context already registered for DAG: example_python_operator
[2023-08-17T00:32:23.308+0000] {logging_mixin.py:137} INFO - [2023-08-17T00:32:23.308+0000] {taskmixin.py:205} WARNING - Dependency <Task(_PythonDecoratedOperator): print_the_context>, log_sql_query already registered for DAG: example_python_operator
[2023-08-17T00:32:23.309+0000] {logging_mixin.py:137} INFO - [2023-08-17T00:32:23.308+0000] {taskmixin.py:205} WARNING - Dependency <Task(_PythonDecoratedOperator): log_sql_query>, print_the_context already registered for DAG: example_python_operator
[2023-08-17T00:32:23.317+0000] {processor.py:753} INFO - DAG(s) dict_keys(['example_python_operator']) retrieved from /home/airflow/.local/lib/python3.7/site-packages/airflow/example_dags/example_python_operator.py
[2023-08-17T00:32:23.462+0000] {logging_mixin.py:137} INFO - [2023-08-17T00:32:23.462+0000] {manager.py:504} INFO - Created Permission View: can edit on DAG:example_python_operator
[2023-08-17T00:32:23.475+0000] {logging_mixin.py:137} INFO - [2023-08-17T00:32:23.475+0000] {manager.py:504} INFO - Created Permission View: can read on DAG:example_python_operator
[2023-08-17T00:32:23.484+0000] {logging_mixin.py:137} INFO - [2023-08-17T00:32:23.484+0000] {manager.py:504} INFO - Created Permission View: can delete on DAG:example_python_operator
[2023-08-17T00:32:23.484+0000] {logging_mixin.py:137} INFO - [2023-08-17T00:32:23.484+0000] {dag.py:2690} INFO - Sync 1 DAGs
[2023-08-17T00:32:23.501+0000] {logging_mixin.py:137} INFO - [2023-08-17T00:32:23.501+0000] {dag.py:2711} INFO - Creating ORM DAG for example_python_operator
[2023-08-17T00:32:23.517+0000] {logging_mixin.py:137} INFO - [2023-08-17T00:32:23.517+0000] {dag.py:3441} INFO - Setting next_dagrun for example_python_operator to None, run_after=None
[2023-08-17T00:32:23.541+0000] {processor.py:175} INFO - Processing /home/airflow/.local/lib/python3.7/site-packages/airflow/example_dags/example_python_operator.py took 0.264 seconds
[2023-08-17T00:32:53.735+0000] {processor.py:153} INFO - Started process (PID=307) to work on /home/airflow/.local/lib/python3.7/site-packages/airflow/example_dags/example_python_operator.py
[2023-08-17T00:32:53.736+0000] {processor.py:743} INFO - Processing file /home/airflow/.local/lib/python3.7/site-packages/airflow/example_dags/example_python_operator.py for tasks to queue
[2023-08-17T00:32:53.737+0000] {logging_mixin.py:137} INFO - [2023-08-17T00:32:53.737+0000] {dagbag.py:538} INFO - Filling up the DagBag from /home/airflow/.local/lib/python3.7/site-packages/airflow/example_dags/example_python_operator.py
[2023-08-17T00:32:53.758+0000] {logging_mixin.py:137} INFO - [2023-08-17T00:32:53.758+0000] {taskmixin.py:205} WARNING - Dependency <Task(_PythonDecoratedOperator): print_the_context>, log_sql_query already registered for DAG: example_python_operator
[2023-08-17T00:32:53.758+0000] {logging_mixin.py:137} INFO - [2023-08-17T00:32:53.758+0000] {taskmixin.py:205} WARNING - Dependency <Task(_PythonDecoratedOperator): log_sql_query>, print_the_context already registered for DAG: example_python_operator
[2023-08-17T00:32:53.759+0000] {logging_mixin.py:137} INFO - [2023-08-17T00:32:53.759+0000] {taskmixin.py:205} WARNING - Dependency <Task(_PythonDecoratedOperator): print_the_context>, log_sql_query already registered for DAG: example_python_operator
[2023-08-17T00:32:53.759+0000] {logging_mixin.py:137} INFO - [2023-08-17T00:32:53.759+0000] {taskmixin.py:205} WARNING - Dependency <Task(_PythonDecoratedOperator): log_sql_query>, print_the_context already registered for DAG: example_python_operator
[2023-08-17T00:32:53.760+0000] {logging_mixin.py:137} INFO - [2023-08-17T00:32:53.760+0000] {taskmixin.py:205} WARNING - Dependency <Task(_PythonDecoratedOperator): print_the_context>, log_sql_query already registered for DAG: example_python_operator
[2023-08-17T00:32:53.760+0000] {logging_mixin.py:137} INFO - [2023-08-17T00:32:53.760+0000] {taskmixin.py:205} WARNING - Dependency <Task(_PythonDecoratedOperator): log_sql_query>, print_the_context already registered for DAG: example_python_operator
[2023-08-17T00:32:53.761+0000] {logging_mixin.py:137} INFO - [2023-08-17T00:32:53.761+0000] {taskmixin.py:205} WARNING - Dependency <Task(_PythonDecoratedOperator): print_the_context>, log_sql_query already registered for DAG: example_python_operator
[2023-08-17T00:32:53.762+0000] {logging_mixin.py:137} INFO - [2023-08-17T00:32:53.762+0000] {taskmixin.py:205} WARNING - Dependency <Task(_PythonDecoratedOperator): log_sql_query>, print_the_context already registered for DAG: example_python_operator
[2023-08-17T00:32:53.770+0000] {processor.py:753} INFO - DAG(s) dict_keys(['example_python_operator']) retrieved from /home/airflow/.local/lib/python3.7/site-packages/airflow/example_dags/example_python_operator.py
[2023-08-17T00:32:53.804+0000] {logging_mixin.py:137} INFO - [2023-08-17T00:32:53.803+0000] {dag.py:2690} INFO - Sync 1 DAGs
[2023-08-17T00:32:53.831+0000] {logging_mixin.py:137} INFO - [2023-08-17T00:32:53.831+0000] {dag.py:3441} INFO - Setting next_dagrun for example_python_operator to None, run_after=None
[2023-08-17T00:32:53.853+0000] {processor.py:175} INFO - Processing /home/airflow/.local/lib/python3.7/site-packages/airflow/example_dags/example_python_operator.py took 0.122 seconds
