[2023-08-17T00:32:18.057+0000] {processor.py:153} INFO - Started process (PID=189) to work on /home/airflow/.local/lib/python3.7/site-packages/airflow/example_dags/example_branch_day_of_week_operator.py
[2023-08-17T00:32:18.058+0000] {processor.py:743} INFO - Processing file /home/airflow/.local/lib/python3.7/site-packages/airflow/example_dags/example_branch_day_of_week_operator.py for tasks to queue
[2023-08-17T00:32:18.059+0000] {logging_mixin.py:137} INFO - [2023-08-17T00:32:18.059+0000] {dagbag.py:538} INFO - Filling up the DagBag from /home/airflow/.local/lib/python3.7/site-packages/airflow/example_dags/example_branch_day_of_week_operator.py
[2023-08-17T00:32:18.080+0000] {processor.py:753} INFO - DAG(s) dict_keys(['example_weekday_branch_operator']) retrieved from /home/airflow/.local/lib/python3.7/site-packages/airflow/example_dags/example_branch_day_of_week_operator.py
[2023-08-17T00:32:18.479+0000] {logging_mixin.py:137} INFO - [2023-08-17T00:32:18.478+0000] {manager.py:504} INFO - Created Permission View: can edit on DAG:example_weekday_branch_operator
[2023-08-17T00:32:18.492+0000] {logging_mixin.py:137} INFO - [2023-08-17T00:32:18.492+0000] {manager.py:504} INFO - Created Permission View: can read on DAG:example_weekday_branch_operator
[2023-08-17T00:32:18.557+0000] {logging_mixin.py:137} INFO - [2023-08-17T00:32:18.557+0000] {manager.py:504} INFO - Created Permission View: can delete on DAG:example_weekday_branch_operator
[2023-08-17T00:32:18.558+0000] {logging_mixin.py:137} INFO - [2023-08-17T00:32:18.558+0000] {dag.py:2690} INFO - Sync 1 DAGs
[2023-08-17T00:32:18.579+0000] {logging_mixin.py:137} INFO - [2023-08-17T00:32:18.578+0000] {dag.py:2711} INFO - Creating ORM DAG for example_weekday_branch_operator
[2023-08-17T00:32:18.607+0000] {logging_mixin.py:137} INFO - [2023-08-17T00:32:18.606+0000] {dag.py:3441} INFO - Setting next_dagrun for example_weekday_branch_operator to 2023-08-16T00:00:00+00:00, run_after=2023-08-17T00:00:00+00:00
[2023-08-17T00:32:18.759+0000] {processor.py:175} INFO - Processing /home/airflow/.local/lib/python3.7/site-packages/airflow/example_dags/example_branch_day_of_week_operator.py took 0.750 seconds
[2023-08-17T00:32:49.524+0000] {processor.py:153} INFO - Started process (PID=291) to work on /home/airflow/.local/lib/python3.7/site-packages/airflow/example_dags/example_branch_day_of_week_operator.py
[2023-08-17T00:32:49.525+0000] {processor.py:743} INFO - Processing file /home/airflow/.local/lib/python3.7/site-packages/airflow/example_dags/example_branch_day_of_week_operator.py for tasks to queue
[2023-08-17T00:32:49.526+0000] {logging_mixin.py:137} INFO - [2023-08-17T00:32:49.526+0000] {dagbag.py:538} INFO - Filling up the DagBag from /home/airflow/.local/lib/python3.7/site-packages/airflow/example_dags/example_branch_day_of_week_operator.py
[2023-08-17T00:32:49.545+0000] {processor.py:753} INFO - DAG(s) dict_keys(['example_weekday_branch_operator']) retrieved from /home/airflow/.local/lib/python3.7/site-packages/airflow/example_dags/example_branch_day_of_week_operator.py
[2023-08-17T00:32:49.583+0000] {logging_mixin.py:137} INFO - [2023-08-17T00:32:49.582+0000] {dag.py:2690} INFO - Sync 1 DAGs
[2023-08-17T00:32:49.617+0000] {logging_mixin.py:137} INFO - [2023-08-17T00:32:49.616+0000] {dag.py:3441} INFO - Setting next_dagrun for example_weekday_branch_operator to 2023-08-16T00:00:00+00:00, run_after=2023-08-17T00:00:00+00:00
[2023-08-17T00:32:49.640+0000] {processor.py:175} INFO - Processing /home/airflow/.local/lib/python3.7/site-packages/airflow/example_dags/example_branch_day_of_week_operator.py took 0.119 seconds
[2023-08-17T00:33:20.340+0000] {processor.py:153} INFO - Started process (PID=378) to work on /home/airflow/.local/lib/python3.7/site-packages/airflow/example_dags/example_branch_day_of_week_operator.py
[2023-08-17T00:33:20.341+0000] {processor.py:743} INFO - Processing file /home/airflow/.local/lib/python3.7/site-packages/airflow/example_dags/example_branch_day_of_week_operator.py for tasks to queue
[2023-08-17T00:33:20.342+0000] {logging_mixin.py:137} INFO - [2023-08-17T00:33:20.341+0000] {dagbag.py:538} INFO - Filling up the DagBag from /home/airflow/.local/lib/python3.7/site-packages/airflow/example_dags/example_branch_day_of_week_operator.py
[2023-08-17T00:33:20.359+0000] {processor.py:753} INFO - DAG(s) dict_keys(['example_weekday_branch_operator']) retrieved from /home/airflow/.local/lib/python3.7/site-packages/airflow/example_dags/example_branch_day_of_week_operator.py
[2023-08-17T00:33:20.388+0000] {logging_mixin.py:137} INFO - [2023-08-17T00:33:20.388+0000] {dag.py:2690} INFO - Sync 1 DAGs
[2023-08-17T00:33:20.419+0000] {logging_mixin.py:137} INFO - [2023-08-17T00:33:20.419+0000] {dag.py:3441} INFO - Setting next_dagrun for example_weekday_branch_operator to 2023-08-16T00:00:00+00:00, run_after=2023-08-17T00:00:00+00:00
[2023-08-17T00:33:20.444+0000] {processor.py:175} INFO - Processing /home/airflow/.local/lib/python3.7/site-packages/airflow/example_dags/example_branch_day_of_week_operator.py took 0.108 seconds
