[2023-08-17T00:32:24.224+0000] {processor.py:153} INFO - Started process (PID=227) to work on /home/airflow/.local/lib/python3.7/site-packages/airflow/example_dags/example_subdag_operator.py
[2023-08-17T00:32:24.224+0000] {processor.py:743} INFO - Processing file /home/airflow/.local/lib/python3.7/site-packages/airflow/example_dags/example_subdag_operator.py for tasks to queue
[2023-08-17T00:32:24.225+0000] {logging_mixin.py:137} INFO - [2023-08-17T00:32:24.225+0000] {dagbag.py:538} INFO - Filling up the DagBag from /home/airflow/.local/lib/python3.7/site-packages/airflow/example_dags/example_subdag_operator.py
[2023-08-17T00:32:24.269+0000] {processor.py:753} INFO - DAG(s) dict_keys(['example_subdag_operator.section-1', 'example_subdag_operator.section-2', 'example_subdag_operator']) retrieved from /home/airflow/.local/lib/python3.7/site-packages/airflow/example_dags/example_subdag_operator.py
[2023-08-17T00:32:24.399+0000] {logging_mixin.py:137} INFO - [2023-08-17T00:32:24.399+0000] {manager.py:504} INFO - Created Permission View: can edit on DAG:example_subdag_operator
[2023-08-17T00:32:24.412+0000] {logging_mixin.py:137} INFO - [2023-08-17T00:32:24.412+0000] {manager.py:504} INFO - Created Permission View: can read on DAG:example_subdag_operator
[2023-08-17T00:32:24.423+0000] {logging_mixin.py:137} INFO - [2023-08-17T00:32:24.423+0000] {manager.py:504} INFO - Created Permission View: can delete on DAG:example_subdag_operator
[2023-08-17T00:32:24.423+0000] {logging_mixin.py:137} INFO - [2023-08-17T00:32:24.423+0000] {dag.py:2690} INFO - Sync 3 DAGs
[2023-08-17T00:32:24.439+0000] {logging_mixin.py:137} INFO - [2023-08-17T00:32:24.438+0000] {dag.py:2711} INFO - Creating ORM DAG for example_subdag_operator
[2023-08-17T00:32:24.439+0000] {logging_mixin.py:137} INFO - [2023-08-17T00:32:24.439+0000] {dag.py:2711} INFO - Creating ORM DAG for example_subdag_operator.section-1
[2023-08-17T00:32:24.440+0000] {logging_mixin.py:137} INFO - [2023-08-17T00:32:24.440+0000] {dag.py:2711} INFO - Creating ORM DAG for example_subdag_operator.section-2
[2023-08-17T00:32:24.451+0000] {logging_mixin.py:137} INFO - [2023-08-17T00:32:24.451+0000] {dag.py:3441} INFO - Setting next_dagrun for example_subdag_operator to 2022-01-01T00:00:00+00:00, run_after=2022-01-01T00:00:00+00:00
[2023-08-17T00:32:24.452+0000] {logging_mixin.py:137} INFO - [2023-08-17T00:32:24.452+0000] {dag.py:3441} INFO - Setting next_dagrun for example_subdag_operator.section-1 to None, run_after=None
[2023-08-17T00:32:24.452+0000] {logging_mixin.py:137} INFO - [2023-08-17T00:32:24.452+0000] {dag.py:3441} INFO - Setting next_dagrun for example_subdag_operator.section-2 to None, run_after=None
[2023-08-17T00:32:24.466+0000] {logging_mixin.py:137} INFO - [2023-08-17T00:32:24.465+0000] {dag.py:2690} INFO - Sync 2 DAGs
[2023-08-17T00:32:24.478+0000] {logging_mixin.py:137} INFO - [2023-08-17T00:32:24.477+0000] {dag.py:3441} INFO - Setting next_dagrun for example_subdag_operator.section-1 to None, run_after=None
[2023-08-17T00:32:24.483+0000] {logging_mixin.py:137} INFO - [2023-08-17T00:32:24.482+0000] {dag.py:3441} INFO - Setting next_dagrun for example_subdag_operator.section-2 to None, run_after=None
[2023-08-17T00:32:24.503+0000] {processor.py:175} INFO - Processing /home/airflow/.local/lib/python3.7/site-packages/airflow/example_dags/example_subdag_operator.py took 0.285 seconds
[2023-08-17T00:32:55.073+0000] {processor.py:153} INFO - Started process (PID=314) to work on /home/airflow/.local/lib/python3.7/site-packages/airflow/example_dags/example_subdag_operator.py
[2023-08-17T00:32:55.074+0000] {processor.py:743} INFO - Processing file /home/airflow/.local/lib/python3.7/site-packages/airflow/example_dags/example_subdag_operator.py for tasks to queue
[2023-08-17T00:32:55.074+0000] {logging_mixin.py:137} INFO - [2023-08-17T00:32:55.074+0000] {dagbag.py:538} INFO - Filling up the DagBag from /home/airflow/.local/lib/python3.7/site-packages/airflow/example_dags/example_subdag_operator.py
[2023-08-17T00:32:55.113+0000] {processor.py:753} INFO - DAG(s) dict_keys(['example_subdag_operator.section-1', 'example_subdag_operator.section-2', 'example_subdag_operator']) retrieved from /home/airflow/.local/lib/python3.7/site-packages/airflow/example_dags/example_subdag_operator.py
[2023-08-17T00:32:55.134+0000] {logging_mixin.py:137} INFO - [2023-08-17T00:32:55.134+0000] {dag.py:2690} INFO - Sync 3 DAGs
[2023-08-17T00:32:55.165+0000] {logging_mixin.py:137} INFO - [2023-08-17T00:32:55.164+0000] {dag.py:3441} INFO - Setting next_dagrun for example_subdag_operator to 2022-01-01T00:00:00+00:00, run_after=2022-01-01T00:00:00+00:00
[2023-08-17T00:32:55.169+0000] {logging_mixin.py:137} INFO - [2023-08-17T00:32:55.168+0000] {dag.py:3441} INFO - Setting next_dagrun for example_subdag_operator.section-1 to None, run_after=None
[2023-08-17T00:32:55.170+0000] {logging_mixin.py:137} INFO - [2023-08-17T00:32:55.170+0000] {dag.py:3441} INFO - Setting next_dagrun for example_subdag_operator.section-2 to None, run_after=None
[2023-08-17T00:32:55.177+0000] {logging_mixin.py:137} INFO - [2023-08-17T00:32:55.177+0000] {dag.py:2690} INFO - Sync 2 DAGs
[2023-08-17T00:32:55.184+0000] {logging_mixin.py:137} INFO - [2023-08-17T00:32:55.183+0000] {dag.py:3441} INFO - Setting next_dagrun for example_subdag_operator.section-1 to None, run_after=None
[2023-08-17T00:32:55.184+0000] {logging_mixin.py:137} INFO - [2023-08-17T00:32:55.184+0000] {dag.py:3441} INFO - Setting next_dagrun for example_subdag_operator.section-2 to None, run_after=None
[2023-08-17T00:32:55.194+0000] {processor.py:175} INFO - Processing /home/airflow/.local/lib/python3.7/site-packages/airflow/example_dags/example_subdag_operator.py took 0.125 seconds
