[2023-08-17T00:32:17.190+0000] {processor.py:153} INFO - Started process (PID=188) to work on /home/airflow/.local/lib/python3.7/site-packages/airflow/example_dags/example_branch_datetime_operator.py
[2023-08-17T00:32:17.191+0000] {processor.py:743} INFO - Processing file /home/airflow/.local/lib/python3.7/site-packages/airflow/example_dags/example_branch_datetime_operator.py for tasks to queue
[2023-08-17T00:32:17.192+0000] {logging_mixin.py:137} INFO - [2023-08-17T00:32:17.191+0000] {dagbag.py:538} INFO - Filling up the DagBag from /home/airflow/.local/lib/python3.7/site-packages/airflow/example_dags/example_branch_datetime_operator.py
[2023-08-17T00:32:17.290+0000] {processor.py:753} INFO - DAG(s) dict_keys(['example_branch_datetime_operator', 'example_branch_datetime_operator_2', 'example_branch_datetime_operator_3']) retrieved from /home/airflow/.local/lib/python3.7/site-packages/airflow/example_dags/example_branch_datetime_operator.py
[2023-08-17T00:32:17.790+0000] {logging_mixin.py:137} INFO - [2023-08-17T00:32:17.790+0000] {manager.py:504} INFO - Created Permission View: can edit on DAG:example_branch_datetime_operator
[2023-08-17T00:32:17.854+0000] {logging_mixin.py:137} INFO - [2023-08-17T00:32:17.854+0000] {manager.py:504} INFO - Created Permission View: can read on DAG:example_branch_datetime_operator
[2023-08-17T00:32:17.865+0000] {logging_mixin.py:137} INFO - [2023-08-17T00:32:17.865+0000] {manager.py:504} INFO - Created Permission View: can delete on DAG:example_branch_datetime_operator
[2023-08-17T00:32:17.886+0000] {logging_mixin.py:137} INFO - [2023-08-17T00:32:17.886+0000] {manager.py:504} INFO - Created Permission View: can edit on DAG:example_branch_datetime_operator_2
[2023-08-17T00:32:17.898+0000] {logging_mixin.py:137} INFO - [2023-08-17T00:32:17.897+0000] {manager.py:504} INFO - Created Permission View: can read on DAG:example_branch_datetime_operator_2
[2023-08-17T00:32:17.910+0000] {logging_mixin.py:137} INFO - [2023-08-17T00:32:17.910+0000] {manager.py:504} INFO - Created Permission View: can delete on DAG:example_branch_datetime_operator_2
[2023-08-17T00:32:17.973+0000] {logging_mixin.py:137} INFO - [2023-08-17T00:32:17.972+0000] {manager.py:504} INFO - Created Permission View: can edit on DAG:example_branch_datetime_operator_3
[2023-08-17T00:32:17.984+0000] {logging_mixin.py:137} INFO - [2023-08-17T00:32:17.984+0000] {manager.py:504} INFO - Created Permission View: can read on DAG:example_branch_datetime_operator_3
[2023-08-17T00:32:17.996+0000] {logging_mixin.py:137} INFO - [2023-08-17T00:32:17.996+0000] {manager.py:504} INFO - Created Permission View: can delete on DAG:example_branch_datetime_operator_3
[2023-08-17T00:32:17.997+0000] {logging_mixin.py:137} INFO - [2023-08-17T00:32:17.997+0000] {dag.py:2690} INFO - Sync 3 DAGs
[2023-08-17T00:32:18.063+0000] {logging_mixin.py:137} INFO - [2023-08-17T00:32:18.063+0000] {dag.py:2711} INFO - Creating ORM DAG for example_branch_datetime_operator_2
[2023-08-17T00:32:18.064+0000] {logging_mixin.py:137} INFO - [2023-08-17T00:32:18.064+0000] {dag.py:2711} INFO - Creating ORM DAG for example_branch_datetime_operator_3
[2023-08-17T00:32:18.064+0000] {logging_mixin.py:137} INFO - [2023-08-17T00:32:18.064+0000] {dag.py:2711} INFO - Creating ORM DAG for example_branch_datetime_operator
[2023-08-17T00:32:18.082+0000] {logging_mixin.py:137} INFO - [2023-08-17T00:32:18.081+0000] {dag.py:3441} INFO - Setting next_dagrun for example_branch_datetime_operator to 2023-08-16T00:00:00+00:00, run_after=2023-08-17T00:00:00+00:00
[2023-08-17T00:32:18.084+0000] {logging_mixin.py:137} INFO - [2023-08-17T00:32:18.084+0000] {dag.py:3441} INFO - Setting next_dagrun for example_branch_datetime_operator_2 to 2023-08-16T00:00:00+00:00, run_after=2023-08-17T00:00:00+00:00
[2023-08-17T00:32:18.086+0000] {logging_mixin.py:137} INFO - [2023-08-17T00:32:18.086+0000] {dag.py:3441} INFO - Setting next_dagrun for example_branch_datetime_operator_3 to 2023-08-16T00:00:00+00:00, run_after=2023-08-17T00:00:00+00:00
[2023-08-17T00:32:18.166+0000] {processor.py:175} INFO - Processing /home/airflow/.local/lib/python3.7/site-packages/airflow/example_dags/example_branch_datetime_operator.py took 0.980 seconds
[2023-08-17T00:32:48.301+0000] {processor.py:153} INFO - Started process (PID=290) to work on /home/airflow/.local/lib/python3.7/site-packages/airflow/example_dags/example_branch_datetime_operator.py
[2023-08-17T00:32:48.303+0000] {processor.py:743} INFO - Processing file /home/airflow/.local/lib/python3.7/site-packages/airflow/example_dags/example_branch_datetime_operator.py for tasks to queue
[2023-08-17T00:32:48.303+0000] {logging_mixin.py:137} INFO - [2023-08-17T00:32:48.303+0000] {dagbag.py:538} INFO - Filling up the DagBag from /home/airflow/.local/lib/python3.7/site-packages/airflow/example_dags/example_branch_datetime_operator.py
[2023-08-17T00:32:48.329+0000] {processor.py:753} INFO - DAG(s) dict_keys(['example_branch_datetime_operator_2', 'example_branch_datetime_operator', 'example_branch_datetime_operator_3']) retrieved from /home/airflow/.local/lib/python3.7/site-packages/airflow/example_dags/example_branch_datetime_operator.py
[2023-08-17T00:32:48.389+0000] {logging_mixin.py:137} INFO - [2023-08-17T00:32:48.389+0000] {dag.py:2690} INFO - Sync 3 DAGs
[2023-08-17T00:32:48.433+0000] {logging_mixin.py:137} INFO - [2023-08-17T00:32:48.433+0000] {dag.py:3441} INFO - Setting next_dagrun for example_branch_datetime_operator to 2023-08-16T00:00:00+00:00, run_after=2023-08-17T00:00:00+00:00
[2023-08-17T00:32:48.439+0000] {logging_mixin.py:137} INFO - [2023-08-17T00:32:48.439+0000] {dag.py:3441} INFO - Setting next_dagrun for example_branch_datetime_operator_2 to 2023-08-16T00:00:00+00:00, run_after=2023-08-17T00:00:00+00:00
[2023-08-17T00:32:48.457+0000] {logging_mixin.py:137} INFO - [2023-08-17T00:32:48.457+0000] {dag.py:3441} INFO - Setting next_dagrun for example_branch_datetime_operator_3 to 2023-08-16T00:00:00+00:00, run_after=2023-08-17T00:00:00+00:00
[2023-08-17T00:32:48.483+0000] {processor.py:175} INFO - Processing /home/airflow/.local/lib/python3.7/site-packages/airflow/example_dags/example_branch_datetime_operator.py took 0.186 seconds
[2023-08-17T00:33:19.318+0000] {processor.py:153} INFO - Started process (PID=377) to work on /home/airflow/.local/lib/python3.7/site-packages/airflow/example_dags/example_branch_datetime_operator.py
[2023-08-17T00:33:19.319+0000] {processor.py:743} INFO - Processing file /home/airflow/.local/lib/python3.7/site-packages/airflow/example_dags/example_branch_datetime_operator.py for tasks to queue
[2023-08-17T00:33:19.320+0000] {logging_mixin.py:137} INFO - [2023-08-17T00:33:19.320+0000] {dagbag.py:538} INFO - Filling up the DagBag from /home/airflow/.local/lib/python3.7/site-packages/airflow/example_dags/example_branch_datetime_operator.py
[2023-08-17T00:33:19.339+0000] {processor.py:753} INFO - DAG(s) dict_keys(['example_branch_datetime_operator_3', 'example_branch_datetime_operator_2', 'example_branch_datetime_operator']) retrieved from /home/airflow/.local/lib/python3.7/site-packages/airflow/example_dags/example_branch_datetime_operator.py
[2023-08-17T00:33:19.375+0000] {logging_mixin.py:137} INFO - [2023-08-17T00:33:19.375+0000] {dag.py:2690} INFO - Sync 3 DAGs
[2023-08-17T00:33:19.405+0000] {logging_mixin.py:137} INFO - [2023-08-17T00:33:19.405+0000] {dag.py:3441} INFO - Setting next_dagrun for example_branch_datetime_operator to 2023-08-16T00:00:00+00:00, run_after=2023-08-17T00:00:00+00:00
[2023-08-17T00:33:19.411+0000] {logging_mixin.py:137} INFO - [2023-08-17T00:33:19.411+0000] {dag.py:3441} INFO - Setting next_dagrun for example_branch_datetime_operator_2 to 2023-08-16T00:00:00+00:00, run_after=2023-08-17T00:00:00+00:00
[2023-08-17T00:33:19.414+0000] {logging_mixin.py:137} INFO - [2023-08-17T00:33:19.414+0000] {dag.py:3441} INFO - Setting next_dagrun for example_branch_datetime_operator_3 to 2023-08-16T00:00:00+00:00, run_after=2023-08-17T00:00:00+00:00
[2023-08-17T00:33:19.434+0000] {processor.py:175} INFO - Processing /home/airflow/.local/lib/python3.7/site-packages/airflow/example_dags/example_branch_datetime_operator.py took 0.119 seconds
