[2023-08-17T00:32:20.281+0000] {processor.py:153} INFO - Started process (PID=210) to work on /home/airflow/.local/lib/python3.7/site-packages/airflow/example_dags/example_dag_decorator.py
[2023-08-17T00:32:20.282+0000] {processor.py:743} INFO - Processing file /home/airflow/.local/lib/python3.7/site-packages/airflow/example_dags/example_dag_decorator.py for tasks to queue
[2023-08-17T00:32:20.283+0000] {logging_mixin.py:137} INFO - [2023-08-17T00:32:20.283+0000] {dagbag.py:538} INFO - Filling up the DagBag from /home/airflow/.local/lib/python3.7/site-packages/airflow/example_dags/example_dag_decorator.py
[2023-08-17T00:32:20.311+0000] {logging_mixin.py:137} INFO - [2023-08-17T00:32:20.310+0000] {taskmixin.py:205} WARNING - Dependency <Task(_PythonDecoratedOperator): prepare_email>, send_email already registered for DAG: example_dag_decorator
[2023-08-17T00:32:20.311+0000] {logging_mixin.py:137} INFO - [2023-08-17T00:32:20.311+0000] {taskmixin.py:205} WARNING - Dependency <Task(EmailOperator): send_email>, prepare_email already registered for DAG: example_dag_decorator
[2023-08-17T00:32:20.381+0000] {processor.py:753} INFO - DAG(s) dict_keys(['example_dag_decorator']) retrieved from /home/airflow/.local/lib/python3.7/site-packages/airflow/example_dags/example_dag_decorator.py
[2023-08-17T00:32:20.688+0000] {logging_mixin.py:137} INFO - [2023-08-17T00:32:20.687+0000] {manager.py:504} INFO - Created Permission View: can edit on DAG:example_dag_decorator
[2023-08-17T00:32:20.756+0000] {logging_mixin.py:137} INFO - [2023-08-17T00:32:20.756+0000] {manager.py:504} INFO - Created Permission View: can read on DAG:example_dag_decorator
[2023-08-17T00:32:20.771+0000] {logging_mixin.py:137} INFO - [2023-08-17T00:32:20.770+0000] {manager.py:504} INFO - Created Permission View: can delete on DAG:example_dag_decorator
[2023-08-17T00:32:20.771+0000] {logging_mixin.py:137} INFO - [2023-08-17T00:32:20.771+0000] {dag.py:2690} INFO - Sync 1 DAGs
[2023-08-17T00:32:20.792+0000] {logging_mixin.py:137} INFO - [2023-08-17T00:32:20.792+0000] {dag.py:2711} INFO - Creating ORM DAG for example_dag_decorator
[2023-08-17T00:32:20.860+0000] {logging_mixin.py:137} INFO - [2023-08-17T00:32:20.860+0000] {dag.py:3441} INFO - Setting next_dagrun for example_dag_decorator to None, run_after=None
[2023-08-17T00:32:20.886+0000] {processor.py:175} INFO - Processing /home/airflow/.local/lib/python3.7/site-packages/airflow/example_dags/example_dag_decorator.py took 0.610 seconds
[2023-08-17T00:32:50.981+0000] {processor.py:153} INFO - Started process (PID=297) to work on /home/airflow/.local/lib/python3.7/site-packages/airflow/example_dags/example_dag_decorator.py
[2023-08-17T00:32:50.984+0000] {processor.py:743} INFO - Processing file /home/airflow/.local/lib/python3.7/site-packages/airflow/example_dags/example_dag_decorator.py for tasks to queue
[2023-08-17T00:32:50.985+0000] {logging_mixin.py:137} INFO - [2023-08-17T00:32:50.985+0000] {dagbag.py:538} INFO - Filling up the DagBag from /home/airflow/.local/lib/python3.7/site-packages/airflow/example_dags/example_dag_decorator.py
[2023-08-17T00:32:51.002+0000] {logging_mixin.py:137} INFO - [2023-08-17T00:32:51.002+0000] {taskmixin.py:205} WARNING - Dependency <Task(_PythonDecoratedOperator): prepare_email>, send_email already registered for DAG: example_dag_decorator
[2023-08-17T00:32:51.003+0000] {logging_mixin.py:137} INFO - [2023-08-17T00:32:51.003+0000] {taskmixin.py:205} WARNING - Dependency <Task(EmailOperator): send_email>, prepare_email already registered for DAG: example_dag_decorator
[2023-08-17T00:32:51.017+0000] {processor.py:753} INFO - DAG(s) dict_keys(['example_dag_decorator']) retrieved from /home/airflow/.local/lib/python3.7/site-packages/airflow/example_dags/example_dag_decorator.py
[2023-08-17T00:32:51.089+0000] {logging_mixin.py:137} INFO - [2023-08-17T00:32:51.088+0000] {dag.py:2690} INFO - Sync 1 DAGs
[2023-08-17T00:32:51.114+0000] {logging_mixin.py:137} INFO - [2023-08-17T00:32:51.114+0000] {dag.py:3441} INFO - Setting next_dagrun for example_dag_decorator to None, run_after=None
[2023-08-17T00:32:51.136+0000] {processor.py:175} INFO - Processing /home/airflow/.local/lib/python3.7/site-packages/airflow/example_dags/example_dag_decorator.py took 0.158 seconds
[2023-08-17T00:33:21.907+0000] {processor.py:153} INFO - Started process (PID=384) to work on /home/airflow/.local/lib/python3.7/site-packages/airflow/example_dags/example_dag_decorator.py
[2023-08-17T00:33:21.908+0000] {processor.py:743} INFO - Processing file /home/airflow/.local/lib/python3.7/site-packages/airflow/example_dags/example_dag_decorator.py for tasks to queue
[2023-08-17T00:33:21.909+0000] {logging_mixin.py:137} INFO - [2023-08-17T00:33:21.909+0000] {dagbag.py:538} INFO - Filling up the DagBag from /home/airflow/.local/lib/python3.7/site-packages/airflow/example_dags/example_dag_decorator.py
[2023-08-17T00:33:21.959+0000] {logging_mixin.py:137} INFO - [2023-08-17T00:33:21.958+0000] {taskmixin.py:205} WARNING - Dependency <Task(_PythonDecoratedOperator): prepare_email>, send_email already registered for DAG: example_dag_decorator
[2023-08-17T00:33:21.959+0000] {logging_mixin.py:137} INFO - [2023-08-17T00:33:21.959+0000] {taskmixin.py:205} WARNING - Dependency <Task(EmailOperator): send_email>, prepare_email already registered for DAG: example_dag_decorator
[2023-08-17T00:33:21.972+0000] {processor.py:753} INFO - DAG(s) dict_keys(['example_dag_decorator']) retrieved from /home/airflow/.local/lib/python3.7/site-packages/airflow/example_dags/example_dag_decorator.py
[2023-08-17T00:33:22.080+0000] {logging_mixin.py:137} INFO - [2023-08-17T00:33:22.080+0000] {dag.py:2690} INFO - Sync 1 DAGs
[2023-08-17T00:33:22.106+0000] {logging_mixin.py:137} INFO - [2023-08-17T00:33:22.106+0000] {dag.py:3441} INFO - Setting next_dagrun for example_dag_decorator to None, run_after=None
[2023-08-17T00:33:22.155+0000] {processor.py:175} INFO - Processing /home/airflow/.local/lib/python3.7/site-packages/airflow/example_dags/example_dag_decorator.py took 0.254 seconds
