[2023-08-17T00:32:20.396+0000] {processor.py:153} INFO - Started process (PID=211) to work on /home/airflow/.local/lib/python3.7/site-packages/airflow/example_dags/example_datasets.py
[2023-08-17T00:32:20.397+0000] {processor.py:743} INFO - Processing file /home/airflow/.local/lib/python3.7/site-packages/airflow/example_dags/example_datasets.py for tasks to queue
[2023-08-17T00:32:20.398+0000] {logging_mixin.py:137} INFO - [2023-08-17T00:32:20.398+0000] {dagbag.py:538} INFO - Filling up the DagBag from /home/airflow/.local/lib/python3.7/site-packages/airflow/example_dags/example_datasets.py
[2023-08-17T00:32:20.464+0000] {processor.py:753} INFO - DAG(s) dict_keys(['dataset_consumes_1', 'dataset_consumes_1_and_2', 'dataset_produces_2', 'dataset_produces_1', 'dataset_consumes_unknown_never_scheduled', 'dataset_consumes_1_never_scheduled']) retrieved from /home/airflow/.local/lib/python3.7/site-packages/airflow/example_dags/example_datasets.py
[2023-08-17T00:32:20.792+0000] {logging_mixin.py:137} INFO - [2023-08-17T00:32:20.792+0000] {manager.py:504} INFO - Created Permission View: can edit on DAG:dataset_consumes_1
[2023-08-17T00:32:20.859+0000] {logging_mixin.py:137} INFO - [2023-08-17T00:32:20.858+0000] {manager.py:504} INFO - Created Permission View: can read on DAG:dataset_consumes_1
[2023-08-17T00:32:20.869+0000] {logging_mixin.py:137} INFO - [2023-08-17T00:32:20.869+0000] {manager.py:504} INFO - Created Permission View: can delete on DAG:dataset_consumes_1
[2023-08-17T00:32:20.888+0000] {logging_mixin.py:137} INFO - [2023-08-17T00:32:20.887+0000] {manager.py:504} INFO - Created Permission View: can edit on DAG:dataset_consumes_1_and_2
[2023-08-17T00:32:20.897+0000] {logging_mixin.py:137} INFO - [2023-08-17T00:32:20.897+0000] {manager.py:504} INFO - Created Permission View: can read on DAG:dataset_consumes_1_and_2
[2023-08-17T00:32:20.905+0000] {logging_mixin.py:137} INFO - [2023-08-17T00:32:20.905+0000] {manager.py:504} INFO - Created Permission View: can delete on DAG:dataset_consumes_1_and_2
[2023-08-17T00:32:20.972+0000] {logging_mixin.py:137} INFO - [2023-08-17T00:32:20.971+0000] {manager.py:504} INFO - Created Permission View: can edit on DAG:dataset_produces_2
[2023-08-17T00:32:20.981+0000] {logging_mixin.py:137} INFO - [2023-08-17T00:32:20.981+0000] {manager.py:504} INFO - Created Permission View: can read on DAG:dataset_produces_2
[2023-08-17T00:32:20.992+0000] {logging_mixin.py:137} INFO - [2023-08-17T00:32:20.992+0000] {manager.py:504} INFO - Created Permission View: can delete on DAG:dataset_produces_2
[2023-08-17T00:32:21.061+0000] {logging_mixin.py:137} INFO - [2023-08-17T00:32:21.060+0000] {manager.py:504} INFO - Created Permission View: can edit on DAG:dataset_produces_1
[2023-08-17T00:32:21.073+0000] {logging_mixin.py:137} INFO - [2023-08-17T00:32:21.072+0000] {manager.py:504} INFO - Created Permission View: can read on DAG:dataset_produces_1
[2023-08-17T00:32:21.082+0000] {logging_mixin.py:137} INFO - [2023-08-17T00:32:21.082+0000] {manager.py:504} INFO - Created Permission View: can delete on DAG:dataset_produces_1
[2023-08-17T00:32:21.101+0000] {logging_mixin.py:137} INFO - [2023-08-17T00:32:21.101+0000] {manager.py:504} INFO - Created Permission View: can edit on DAG:dataset_consumes_unknown_never_scheduled
[2023-08-17T00:32:21.116+0000] {logging_mixin.py:137} INFO - [2023-08-17T00:32:21.116+0000] {manager.py:504} INFO - Created Permission View: can read on DAG:dataset_consumes_unknown_never_scheduled
[2023-08-17T00:32:21.164+0000] {logging_mixin.py:137} INFO - [2023-08-17T00:32:21.164+0000] {manager.py:504} INFO - Created Permission View: can delete on DAG:dataset_consumes_unknown_never_scheduled
[2023-08-17T00:32:21.184+0000] {logging_mixin.py:137} INFO - [2023-08-17T00:32:21.184+0000] {manager.py:504} INFO - Created Permission View: can edit on DAG:dataset_consumes_1_never_scheduled
[2023-08-17T00:32:21.194+0000] {logging_mixin.py:137} INFO - [2023-08-17T00:32:21.194+0000] {manager.py:504} INFO - Created Permission View: can read on DAG:dataset_consumes_1_never_scheduled
[2023-08-17T00:32:21.203+0000] {logging_mixin.py:137} INFO - [2023-08-17T00:32:21.203+0000] {manager.py:504} INFO - Created Permission View: can delete on DAG:dataset_consumes_1_never_scheduled
[2023-08-17T00:32:21.203+0000] {logging_mixin.py:137} INFO - [2023-08-17T00:32:21.203+0000] {dag.py:2690} INFO - Sync 6 DAGs
[2023-08-17T00:32:21.261+0000] {logging_mixin.py:137} INFO - [2023-08-17T00:32:21.261+0000] {dag.py:2711} INFO - Creating ORM DAG for dataset_consumes_1
[2023-08-17T00:32:21.262+0000] {logging_mixin.py:137} INFO - [2023-08-17T00:32:21.262+0000] {dag.py:2711} INFO - Creating ORM DAG for dataset_consumes_1_and_2
[2023-08-17T00:32:21.263+0000] {logging_mixin.py:137} INFO - [2023-08-17T00:32:21.263+0000] {dag.py:2711} INFO - Creating ORM DAG for dataset_consumes_1_never_scheduled
[2023-08-17T00:32:21.263+0000] {logging_mixin.py:137} INFO - [2023-08-17T00:32:21.263+0000] {dag.py:2711} INFO - Creating ORM DAG for dataset_produces_2
[2023-08-17T00:32:21.264+0000] {logging_mixin.py:137} INFO - [2023-08-17T00:32:21.264+0000] {dag.py:2711} INFO - Creating ORM DAG for dataset_consumes_unknown_never_scheduled
[2023-08-17T00:32:21.265+0000] {logging_mixin.py:137} INFO - [2023-08-17T00:32:21.264+0000] {dag.py:2711} INFO - Creating ORM DAG for dataset_produces_1
[2023-08-17T00:32:21.279+0000] {logging_mixin.py:137} INFO - [2023-08-17T00:32:21.279+0000] {dag.py:3441} INFO - Setting next_dagrun for dataset_consumes_1 to None, run_after=None
[2023-08-17T00:32:21.280+0000] {logging_mixin.py:137} INFO - [2023-08-17T00:32:21.280+0000] {dag.py:3441} INFO - Setting next_dagrun for dataset_consumes_1_and_2 to None, run_after=None
[2023-08-17T00:32:21.281+0000] {logging_mixin.py:137} INFO - [2023-08-17T00:32:21.281+0000] {dag.py:3441} INFO - Setting next_dagrun for dataset_consumes_1_never_scheduled to None, run_after=None
[2023-08-17T00:32:21.281+0000] {logging_mixin.py:137} INFO - [2023-08-17T00:32:21.281+0000] {dag.py:3441} INFO - Setting next_dagrun for dataset_consumes_unknown_never_scheduled to None, run_after=None
[2023-08-17T00:32:21.284+0000] {logging_mixin.py:137} INFO - [2023-08-17T00:32:21.284+0000] {dag.py:3441} INFO - Setting next_dagrun for dataset_produces_1 to 2023-08-16T00:00:00+00:00, run_after=2023-08-17T00:00:00+00:00
[2023-08-17T00:32:21.285+0000] {logging_mixin.py:137} INFO - [2023-08-17T00:32:21.285+0000] {dag.py:3441} INFO - Setting next_dagrun for dataset_produces_2 to None, run_after=None
[2023-08-17T00:32:21.388+0000] {processor.py:175} INFO - Processing /home/airflow/.local/lib/python3.7/site-packages/airflow/example_dags/example_datasets.py took 0.997 seconds
[2023-08-17T00:32:52.000+0000] {processor.py:153} INFO - Started process (PID=298) to work on /home/airflow/.local/lib/python3.7/site-packages/airflow/example_dags/example_datasets.py
[2023-08-17T00:32:52.001+0000] {processor.py:743} INFO - Processing file /home/airflow/.local/lib/python3.7/site-packages/airflow/example_dags/example_datasets.py for tasks to queue
[2023-08-17T00:32:52.002+0000] {logging_mixin.py:137} INFO - [2023-08-17T00:32:52.002+0000] {dagbag.py:538} INFO - Filling up the DagBag from /home/airflow/.local/lib/python3.7/site-packages/airflow/example_dags/example_datasets.py
[2023-08-17T00:32:52.025+0000] {processor.py:753} INFO - DAG(s) dict_keys(['dataset_consumes_1_never_scheduled', 'dataset_produces_1', 'dataset_consumes_1', 'dataset_produces_2', 'dataset_consumes_unknown_never_scheduled', 'dataset_consumes_1_and_2']) retrieved from /home/airflow/.local/lib/python3.7/site-packages/airflow/example_dags/example_datasets.py
[2023-08-17T00:32:52.092+0000] {logging_mixin.py:137} INFO - [2023-08-17T00:32:52.092+0000] {dag.py:2690} INFO - Sync 6 DAGs
[2023-08-17T00:32:52.122+0000] {logging_mixin.py:137} INFO - [2023-08-17T00:32:52.122+0000] {dag.py:3441} INFO - Setting next_dagrun for dataset_consumes_1 to None, run_after=None
[2023-08-17T00:32:52.127+0000] {logging_mixin.py:137} INFO - [2023-08-17T00:32:52.127+0000] {dag.py:3441} INFO - Setting next_dagrun for dataset_consumes_1_and_2 to None, run_after=None
[2023-08-17T00:32:52.128+0000] {logging_mixin.py:137} INFO - [2023-08-17T00:32:52.128+0000] {dag.py:3441} INFO - Setting next_dagrun for dataset_consumes_1_never_scheduled to None, run_after=None
[2023-08-17T00:32:52.129+0000] {logging_mixin.py:137} INFO - [2023-08-17T00:32:52.129+0000] {dag.py:3441} INFO - Setting next_dagrun for dataset_consumes_unknown_never_scheduled to None, run_after=None
[2023-08-17T00:32:52.132+0000] {logging_mixin.py:137} INFO - [2023-08-17T00:32:52.132+0000] {dag.py:3441} INFO - Setting next_dagrun for dataset_produces_1 to 2023-08-16T00:00:00+00:00, run_after=2023-08-17T00:00:00+00:00
[2023-08-17T00:32:52.134+0000] {logging_mixin.py:137} INFO - [2023-08-17T00:32:52.134+0000] {dag.py:3441} INFO - Setting next_dagrun for dataset_produces_2 to None, run_after=None
[2023-08-17T00:32:52.174+0000] {processor.py:175} INFO - Processing /home/airflow/.local/lib/python3.7/site-packages/airflow/example_dags/example_datasets.py took 0.178 seconds
