[2023-08-17T00:32:18.882+0000] {processor.py:153} INFO - Started process (PID=206) to work on /home/airflow/.local/lib/python3.7/site-packages/airflow/example_dags/example_branch_operator.py
[2023-08-17T00:32:18.883+0000] {processor.py:743} INFO - Processing file /home/airflow/.local/lib/python3.7/site-packages/airflow/example_dags/example_branch_operator.py for tasks to queue
[2023-08-17T00:32:18.884+0000] {logging_mixin.py:137} INFO - [2023-08-17T00:32:18.884+0000] {dagbag.py:538} INFO - Filling up the DagBag from /home/airflow/.local/lib/python3.7/site-packages/airflow/example_dags/example_branch_operator.py
[2023-08-17T00:32:18.964+0000] {processor.py:753} INFO - DAG(s) dict_keys(['example_branch_operator']) retrieved from /home/airflow/.local/lib/python3.7/site-packages/airflow/example_dags/example_branch_operator.py
[2023-08-17T00:32:19.272+0000] {logging_mixin.py:137} INFO - [2023-08-17T00:32:19.272+0000] {manager.py:504} INFO - Created Permission View: can edit on DAG:example_branch_operator
[2023-08-17T00:32:19.289+0000] {logging_mixin.py:137} INFO - [2023-08-17T00:32:19.289+0000] {manager.py:504} INFO - Created Permission View: can read on DAG:example_branch_operator
[2023-08-17T00:32:19.300+0000] {logging_mixin.py:137} INFO - [2023-08-17T00:32:19.300+0000] {manager.py:504} INFO - Created Permission View: can delete on DAG:example_branch_operator
[2023-08-17T00:32:19.300+0000] {logging_mixin.py:137} INFO - [2023-08-17T00:32:19.300+0000] {dag.py:2690} INFO - Sync 1 DAGs
[2023-08-17T00:32:19.367+0000] {logging_mixin.py:137} INFO - [2023-08-17T00:32:19.367+0000] {dag.py:2711} INFO - Creating ORM DAG for example_branch_operator
[2023-08-17T00:32:19.385+0000] {logging_mixin.py:137} INFO - [2023-08-17T00:32:19.384+0000] {dag.py:3441} INFO - Setting next_dagrun for example_branch_operator to 2023-08-16T00:00:00+00:00, run_after=2023-08-17T00:00:00+00:00
[2023-08-17T00:32:19.456+0000] {processor.py:175} INFO - Processing /home/airflow/.local/lib/python3.7/site-packages/airflow/example_dags/example_branch_operator.py took 0.577 seconds
[2023-08-17T00:32:49.668+0000] {processor.py:153} INFO - Started process (PID=293) to work on /home/airflow/.local/lib/python3.7/site-packages/airflow/example_dags/example_branch_operator.py
[2023-08-17T00:32:49.669+0000] {processor.py:743} INFO - Processing file /home/airflow/.local/lib/python3.7/site-packages/airflow/example_dags/example_branch_operator.py for tasks to queue
[2023-08-17T00:32:49.670+0000] {logging_mixin.py:137} INFO - [2023-08-17T00:32:49.670+0000] {dagbag.py:538} INFO - Filling up the DagBag from /home/airflow/.local/lib/python3.7/site-packages/airflow/example_dags/example_branch_operator.py
[2023-08-17T00:32:49.689+0000] {processor.py:753} INFO - DAG(s) dict_keys(['example_branch_operator']) retrieved from /home/airflow/.local/lib/python3.7/site-packages/airflow/example_dags/example_branch_operator.py
[2023-08-17T00:32:49.715+0000] {logging_mixin.py:137} INFO - [2023-08-17T00:32:49.715+0000] {dag.py:2690} INFO - Sync 1 DAGs
[2023-08-17T00:32:49.739+0000] {logging_mixin.py:137} INFO - [2023-08-17T00:32:49.739+0000] {dag.py:3441} INFO - Setting next_dagrun for example_branch_operator to 2023-08-16T00:00:00+00:00, run_after=2023-08-17T00:00:00+00:00
[2023-08-17T00:32:49.756+0000] {processor.py:175} INFO - Processing /home/airflow/.local/lib/python3.7/site-packages/airflow/example_dags/example_branch_operator.py took 0.092 seconds
[2023-08-17T00:33:20.478+0000] {processor.py:153} INFO - Started process (PID=380) to work on /home/airflow/.local/lib/python3.7/site-packages/airflow/example_dags/example_branch_operator.py
[2023-08-17T00:33:20.479+0000] {processor.py:743} INFO - Processing file /home/airflow/.local/lib/python3.7/site-packages/airflow/example_dags/example_branch_operator.py for tasks to queue
[2023-08-17T00:33:20.480+0000] {logging_mixin.py:137} INFO - [2023-08-17T00:33:20.480+0000] {dagbag.py:538} INFO - Filling up the DagBag from /home/airflow/.local/lib/python3.7/site-packages/airflow/example_dags/example_branch_operator.py
[2023-08-17T00:33:20.502+0000] {processor.py:753} INFO - DAG(s) dict_keys(['example_branch_operator']) retrieved from /home/airflow/.local/lib/python3.7/site-packages/airflow/example_dags/example_branch_operator.py
[2023-08-17T00:33:20.535+0000] {logging_mixin.py:137} INFO - [2023-08-17T00:33:20.535+0000] {dag.py:2690} INFO - Sync 1 DAGs
[2023-08-17T00:33:20.566+0000] {logging_mixin.py:137} INFO - [2023-08-17T00:33:20.566+0000] {dag.py:3441} INFO - Setting next_dagrun for example_branch_operator to 2023-08-16T00:00:00+00:00, run_after=2023-08-17T00:00:00+00:00
[2023-08-17T00:33:20.590+0000] {processor.py:175} INFO - Processing /home/airflow/.local/lib/python3.7/site-packages/airflow/example_dags/example_branch_operator.py took 0.116 seconds
