[2023-08-17T00:32:19.579+0000] {processor.py:153} INFO - Started process (PID=208) to work on /home/airflow/.local/lib/python3.7/site-packages/airflow/example_dags/example_branch_python_dop_operator_3.py
[2023-08-17T00:32:19.580+0000] {processor.py:743} INFO - Processing file /home/airflow/.local/lib/python3.7/site-packages/airflow/example_dags/example_branch_python_dop_operator_3.py for tasks to queue
[2023-08-17T00:32:19.582+0000] {logging_mixin.py:137} INFO - [2023-08-17T00:32:19.582+0000] {dagbag.py:538} INFO - Filling up the DagBag from /home/airflow/.local/lib/python3.7/site-packages/airflow/example_dags/example_branch_python_dop_operator_3.py
[2023-08-17T00:32:19.671+0000] {processor.py:753} INFO - DAG(s) dict_keys(['example_branch_dop_operator_v3']) retrieved from /home/airflow/.local/lib/python3.7/site-packages/airflow/example_dags/example_branch_python_dop_operator_3.py
[2023-08-17T00:32:19.988+0000] {logging_mixin.py:137} INFO - [2023-08-17T00:32:19.988+0000] {manager.py:504} INFO - Created Permission View: can edit on DAG:example_branch_dop_operator_v3
[2023-08-17T00:32:20.001+0000] {logging_mixin.py:137} INFO - [2023-08-17T00:32:20.001+0000] {manager.py:504} INFO - Created Permission View: can read on DAG:example_branch_dop_operator_v3
[2023-08-17T00:32:20.064+0000] {logging_mixin.py:137} INFO - [2023-08-17T00:32:20.064+0000] {manager.py:504} INFO - Created Permission View: can delete on DAG:example_branch_dop_operator_v3
[2023-08-17T00:32:20.065+0000] {logging_mixin.py:137} INFO - [2023-08-17T00:32:20.065+0000] {dag.py:2690} INFO - Sync 1 DAGs
[2023-08-17T00:32:20.086+0000] {logging_mixin.py:137} INFO - [2023-08-17T00:32:20.086+0000] {dag.py:2711} INFO - Creating ORM DAG for example_branch_dop_operator_v3
[2023-08-17T00:32:20.159+0000] {logging_mixin.py:137} INFO - [2023-08-17T00:32:20.159+0000] {dag.py:3441} INFO - Setting next_dagrun for example_branch_dop_operator_v3 to 2023-08-17T00:31:00+00:00, run_after=2023-08-17T00:32:00+00:00
[2023-08-17T00:32:20.187+0000] {processor.py:175} INFO - Processing /home/airflow/.local/lib/python3.7/site-packages/airflow/example_dags/example_branch_python_dop_operator_3.py took 0.613 seconds
[2023-08-17T00:32:50.835+0000] {processor.py:153} INFO - Started process (PID=295) to work on /home/airflow/.local/lib/python3.7/site-packages/airflow/example_dags/example_branch_python_dop_operator_3.py
[2023-08-17T00:32:50.836+0000] {processor.py:743} INFO - Processing file /home/airflow/.local/lib/python3.7/site-packages/airflow/example_dags/example_branch_python_dop_operator_3.py for tasks to queue
[2023-08-17T00:32:50.837+0000] {logging_mixin.py:137} INFO - [2023-08-17T00:32:50.837+0000] {dagbag.py:538} INFO - Filling up the DagBag from /home/airflow/.local/lib/python3.7/site-packages/airflow/example_dags/example_branch_python_dop_operator_3.py
[2023-08-17T00:32:50.866+0000] {processor.py:753} INFO - DAG(s) dict_keys(['example_branch_dop_operator_v3']) retrieved from /home/airflow/.local/lib/python3.7/site-packages/airflow/example_dags/example_branch_python_dop_operator_3.py
[2023-08-17T00:32:50.894+0000] {logging_mixin.py:137} INFO - [2023-08-17T00:32:50.894+0000] {dag.py:2690} INFO - Sync 1 DAGs
[2023-08-17T00:32:50.929+0000] {logging_mixin.py:137} INFO - [2023-08-17T00:32:50.928+0000] {dag.py:3441} INFO - Setting next_dagrun for example_branch_dop_operator_v3 to 2023-08-17T00:31:00+00:00, run_after=2023-08-17T00:32:00+00:00
[2023-08-17T00:32:50.950+0000] {processor.py:175} INFO - Processing /home/airflow/.local/lib/python3.7/site-packages/airflow/example_dags/example_branch_python_dop_operator_3.py took 0.119 seconds
[2023-08-17T00:33:21.636+0000] {processor.py:153} INFO - Started process (PID=382) to work on /home/airflow/.local/lib/python3.7/site-packages/airflow/example_dags/example_branch_python_dop_operator_3.py
[2023-08-17T00:33:21.654+0000] {processor.py:743} INFO - Processing file /home/airflow/.local/lib/python3.7/site-packages/airflow/example_dags/example_branch_python_dop_operator_3.py for tasks to queue
[2023-08-17T00:33:21.655+0000] {logging_mixin.py:137} INFO - [2023-08-17T00:33:21.655+0000] {dagbag.py:538} INFO - Filling up the DagBag from /home/airflow/.local/lib/python3.7/site-packages/airflow/example_dags/example_branch_python_dop_operator_3.py
[2023-08-17T00:33:21.682+0000] {processor.py:753} INFO - DAG(s) dict_keys(['example_branch_dop_operator_v3']) retrieved from /home/airflow/.local/lib/python3.7/site-packages/airflow/example_dags/example_branch_python_dop_operator_3.py
[2023-08-17T00:33:21.718+0000] {logging_mixin.py:137} INFO - [2023-08-17T00:33:21.718+0000] {dag.py:2690} INFO - Sync 1 DAGs
[2023-08-17T00:33:21.799+0000] {logging_mixin.py:137} INFO - [2023-08-17T00:33:21.799+0000] {dag.py:3441} INFO - Setting next_dagrun for example_branch_dop_operator_v3 to 2023-08-17T00:32:00+00:00, run_after=2023-08-17T00:33:00+00:00
[2023-08-17T00:33:21.868+0000] {processor.py:175} INFO - Processing /home/airflow/.local/lib/python3.7/site-packages/airflow/example_dags/example_branch_python_dop_operator_3.py took 0.236 seconds
