[2023-08-17T00:32:19.692+0000] {processor.py:153} INFO - Started process (PID=209) to work on /home/airflow/.local/lib/python3.7/site-packages/airflow/example_dags/example_complex.py
[2023-08-17T00:32:19.693+0000] {processor.py:743} INFO - Processing file /home/airflow/.local/lib/python3.7/site-packages/airflow/example_dags/example_complex.py for tasks to queue
[2023-08-17T00:32:19.694+0000] {logging_mixin.py:137} INFO - [2023-08-17T00:32:19.694+0000] {dagbag.py:538} INFO - Filling up the DagBag from /home/airflow/.local/lib/python3.7/site-packages/airflow/example_dags/example_complex.py
[2023-08-17T00:32:19.759+0000] {logging_mixin.py:137} INFO - [2023-08-17T00:32:19.759+0000] {taskmixin.py:205} WARNING - Dependency <Task(BashOperator): create_entry_group>, delete_entry_group already registered for DAG: example_complex
[2023-08-17T00:32:19.759+0000] {logging_mixin.py:137} INFO - [2023-08-17T00:32:19.759+0000] {taskmixin.py:205} WARNING - Dependency <Task(BashOperator): delete_entry_group>, create_entry_group already registered for DAG: example_complex
[2023-08-17T00:32:19.759+0000] {logging_mixin.py:137} INFO - [2023-08-17T00:32:19.759+0000] {taskmixin.py:205} WARNING - Dependency <Task(BashOperator): create_entry_gcs>, delete_entry already registered for DAG: example_complex
[2023-08-17T00:32:19.760+0000] {logging_mixin.py:137} INFO - [2023-08-17T00:32:19.760+0000] {taskmixin.py:205} WARNING - Dependency <Task(BashOperator): delete_entry>, create_entry_gcs already registered for DAG: example_complex
[2023-08-17T00:32:19.760+0000] {logging_mixin.py:137} INFO - [2023-08-17T00:32:19.760+0000] {taskmixin.py:205} WARNING - Dependency <Task(BashOperator): create_tag>, delete_tag already registered for DAG: example_complex
[2023-08-17T00:32:19.760+0000] {logging_mixin.py:137} INFO - [2023-08-17T00:32:19.760+0000] {taskmixin.py:205} WARNING - Dependency <Task(BashOperator): delete_tag>, create_tag already registered for DAG: example_complex
[2023-08-17T00:32:19.771+0000] {processor.py:753} INFO - DAG(s) dict_keys(['example_complex']) retrieved from /home/airflow/.local/lib/python3.7/site-packages/airflow/example_dags/example_complex.py
[2023-08-17T00:32:20.160+0000] {logging_mixin.py:137} INFO - [2023-08-17T00:32:20.160+0000] {manager.py:504} INFO - Created Permission View: can edit on DAG:example_complex
[2023-08-17T00:32:20.174+0000] {logging_mixin.py:137} INFO - [2023-08-17T00:32:20.174+0000] {manager.py:504} INFO - Created Permission View: can read on DAG:example_complex
[2023-08-17T00:32:20.185+0000] {logging_mixin.py:137} INFO - [2023-08-17T00:32:20.185+0000] {manager.py:504} INFO - Created Permission View: can delete on DAG:example_complex
[2023-08-17T00:32:20.186+0000] {logging_mixin.py:137} INFO - [2023-08-17T00:32:20.185+0000] {dag.py:2690} INFO - Sync 1 DAGs
[2023-08-17T00:32:20.254+0000] {logging_mixin.py:137} INFO - [2023-08-17T00:32:20.254+0000] {dag.py:2711} INFO - Creating ORM DAG for example_complex
[2023-08-17T00:32:20.272+0000] {logging_mixin.py:137} INFO - [2023-08-17T00:32:20.272+0000] {dag.py:3441} INFO - Setting next_dagrun for example_complex to None, run_after=None
[2023-08-17T00:32:20.302+0000] {processor.py:175} INFO - Processing /home/airflow/.local/lib/python3.7/site-packages/airflow/example_dags/example_complex.py took 0.615 seconds
[2023-08-17T00:32:50.843+0000] {processor.py:153} INFO - Started process (PID=296) to work on /home/airflow/.local/lib/python3.7/site-packages/airflow/example_dags/example_complex.py
[2023-08-17T00:32:50.844+0000] {processor.py:743} INFO - Processing file /home/airflow/.local/lib/python3.7/site-packages/airflow/example_dags/example_complex.py for tasks to queue
[2023-08-17T00:32:50.845+0000] {logging_mixin.py:137} INFO - [2023-08-17T00:32:50.845+0000] {dagbag.py:538} INFO - Filling up the DagBag from /home/airflow/.local/lib/python3.7/site-packages/airflow/example_dags/example_complex.py
[2023-08-17T00:32:50.859+0000] {logging_mixin.py:137} INFO - [2023-08-17T00:32:50.858+0000] {taskmixin.py:205} WARNING - Dependency <Task(BashOperator): create_entry_group>, delete_entry_group already registered for DAG: example_complex
[2023-08-17T00:32:50.859+0000] {logging_mixin.py:137} INFO - [2023-08-17T00:32:50.859+0000] {taskmixin.py:205} WARNING - Dependency <Task(BashOperator): delete_entry_group>, create_entry_group already registered for DAG: example_complex
[2023-08-17T00:32:50.859+0000] {logging_mixin.py:137} INFO - [2023-08-17T00:32:50.859+0000] {taskmixin.py:205} WARNING - Dependency <Task(BashOperator): create_entry_gcs>, delete_entry already registered for DAG: example_complex
[2023-08-17T00:32:50.859+0000] {logging_mixin.py:137} INFO - [2023-08-17T00:32:50.859+0000] {taskmixin.py:205} WARNING - Dependency <Task(BashOperator): delete_entry>, create_entry_gcs already registered for DAG: example_complex
[2023-08-17T00:32:50.860+0000] {logging_mixin.py:137} INFO - [2023-08-17T00:32:50.859+0000] {taskmixin.py:205} WARNING - Dependency <Task(BashOperator): create_tag>, delete_tag already registered for DAG: example_complex
[2023-08-17T00:32:50.860+0000] {logging_mixin.py:137} INFO - [2023-08-17T00:32:50.860+0000] {taskmixin.py:205} WARNING - Dependency <Task(BashOperator): delete_tag>, create_tag already registered for DAG: example_complex
[2023-08-17T00:32:50.868+0000] {processor.py:753} INFO - DAG(s) dict_keys(['example_complex']) retrieved from /home/airflow/.local/lib/python3.7/site-packages/airflow/example_dags/example_complex.py
[2023-08-17T00:32:50.902+0000] {logging_mixin.py:137} INFO - [2023-08-17T00:32:50.902+0000] {dag.py:2690} INFO - Sync 1 DAGs
[2023-08-17T00:32:50.929+0000] {logging_mixin.py:137} INFO - [2023-08-17T00:32:50.929+0000] {dag.py:3441} INFO - Setting next_dagrun for example_complex to None, run_after=None
[2023-08-17T00:32:50.950+0000] {processor.py:175} INFO - Processing /home/airflow/.local/lib/python3.7/site-packages/airflow/example_dags/example_complex.py took 0.110 seconds
[2023-08-17T00:33:21.664+0000] {processor.py:153} INFO - Started process (PID=383) to work on /home/airflow/.local/lib/python3.7/site-packages/airflow/example_dags/example_complex.py
[2023-08-17T00:33:21.665+0000] {processor.py:743} INFO - Processing file /home/airflow/.local/lib/python3.7/site-packages/airflow/example_dags/example_complex.py for tasks to queue
[2023-08-17T00:33:21.665+0000] {logging_mixin.py:137} INFO - [2023-08-17T00:33:21.665+0000] {dagbag.py:538} INFO - Filling up the DagBag from /home/airflow/.local/lib/python3.7/site-packages/airflow/example_dags/example_complex.py
[2023-08-17T00:33:21.680+0000] {logging_mixin.py:137} INFO - [2023-08-17T00:33:21.679+0000] {taskmixin.py:205} WARNING - Dependency <Task(BashOperator): create_entry_group>, delete_entry_group already registered for DAG: example_complex
[2023-08-17T00:33:21.680+0000] {logging_mixin.py:137} INFO - [2023-08-17T00:33:21.680+0000] {taskmixin.py:205} WARNING - Dependency <Task(BashOperator): delete_entry_group>, create_entry_group already registered for DAG: example_complex
[2023-08-17T00:33:21.680+0000] {logging_mixin.py:137} INFO - [2023-08-17T00:33:21.680+0000] {taskmixin.py:205} WARNING - Dependency <Task(BashOperator): create_entry_gcs>, delete_entry already registered for DAG: example_complex
[2023-08-17T00:33:21.680+0000] {logging_mixin.py:137} INFO - [2023-08-17T00:33:21.680+0000] {taskmixin.py:205} WARNING - Dependency <Task(BashOperator): delete_entry>, create_entry_gcs already registered for DAG: example_complex
[2023-08-17T00:33:21.681+0000] {logging_mixin.py:137} INFO - [2023-08-17T00:33:21.681+0000] {taskmixin.py:205} WARNING - Dependency <Task(BashOperator): create_tag>, delete_tag already registered for DAG: example_complex
[2023-08-17T00:33:21.681+0000] {logging_mixin.py:137} INFO - [2023-08-17T00:33:21.681+0000] {taskmixin.py:205} WARNING - Dependency <Task(BashOperator): delete_tag>, create_tag already registered for DAG: example_complex
[2023-08-17T00:33:21.690+0000] {processor.py:753} INFO - DAG(s) dict_keys(['example_complex']) retrieved from /home/airflow/.local/lib/python3.7/site-packages/airflow/example_dags/example_complex.py
[2023-08-17T00:33:21.768+0000] {logging_mixin.py:137} INFO - [2023-08-17T00:33:21.768+0000] {dag.py:2690} INFO - Sync 1 DAGs
[2023-08-17T00:33:21.799+0000] {logging_mixin.py:137} INFO - [2023-08-17T00:33:21.798+0000] {dag.py:3441} INFO - Setting next_dagrun for example_complex to None, run_after=None
[2023-08-17T00:33:21.868+0000] {processor.py:175} INFO - Processing /home/airflow/.local/lib/python3.7/site-packages/airflow/example_dags/example_complex.py took 0.208 seconds
