[2023-08-17T00:32:18.995+0000] {processor.py:153} INFO - Started process (PID=207) to work on /home/airflow/.local/lib/python3.7/site-packages/airflow/example_dags/example_branch_operator_decorator.py
[2023-08-17T00:32:18.999+0000] {processor.py:743} INFO - Processing file /home/airflow/.local/lib/python3.7/site-packages/airflow/example_dags/example_branch_operator_decorator.py for tasks to queue
[2023-08-17T00:32:19.000+0000] {logging_mixin.py:137} INFO - [2023-08-17T00:32:19.000+0000] {dagbag.py:538} INFO - Filling up the DagBag from /home/airflow/.local/lib/python3.7/site-packages/airflow/example_dags/example_branch_operator_decorator.py
[2023-08-17T00:32:19.101+0000] {processor.py:753} INFO - DAG(s) dict_keys(['example_branch_python_operator_decorator']) retrieved from /home/airflow/.local/lib/python3.7/site-packages/airflow/example_dags/example_branch_operator_decorator.py
[2023-08-17T00:32:19.397+0000] {logging_mixin.py:137} INFO - [2023-08-17T00:32:19.396+0000] {manager.py:504} INFO - Created Permission View: can edit on DAG:example_branch_python_operator_decorator
[2023-08-17T00:32:19.409+0000] {logging_mixin.py:137} INFO - [2023-08-17T00:32:19.409+0000] {manager.py:504} INFO - Created Permission View: can read on DAG:example_branch_python_operator_decorator
[2023-08-17T00:32:19.460+0000] {logging_mixin.py:137} INFO - [2023-08-17T00:32:19.459+0000] {manager.py:504} INFO - Created Permission View: can delete on DAG:example_branch_python_operator_decorator
[2023-08-17T00:32:19.460+0000] {logging_mixin.py:137} INFO - [2023-08-17T00:32:19.460+0000] {dag.py:2690} INFO - Sync 1 DAGs
[2023-08-17T00:32:19.481+0000] {logging_mixin.py:137} INFO - [2023-08-17T00:32:19.480+0000] {dag.py:2711} INFO - Creating ORM DAG for example_branch_python_operator_decorator
[2023-08-17T00:32:19.561+0000] {logging_mixin.py:137} INFO - [2023-08-17T00:32:19.561+0000] {dag.py:3441} INFO - Setting next_dagrun for example_branch_python_operator_decorator to 2023-08-16T00:00:00+00:00, run_after=2023-08-17T00:00:00+00:00
[2023-08-17T00:32:19.589+0000] {processor.py:175} INFO - Processing /home/airflow/.local/lib/python3.7/site-packages/airflow/example_dags/example_branch_operator_decorator.py took 0.600 seconds
[2023-08-17T00:32:49.788+0000] {processor.py:153} INFO - Started process (PID=294) to work on /home/airflow/.local/lib/python3.7/site-packages/airflow/example_dags/example_branch_operator_decorator.py
[2023-08-17T00:32:49.791+0000] {processor.py:743} INFO - Processing file /home/airflow/.local/lib/python3.7/site-packages/airflow/example_dags/example_branch_operator_decorator.py for tasks to queue
[2023-08-17T00:32:49.792+0000] {logging_mixin.py:137} INFO - [2023-08-17T00:32:49.791+0000] {dagbag.py:538} INFO - Filling up the DagBag from /home/airflow/.local/lib/python3.7/site-packages/airflow/example_dags/example_branch_operator_decorator.py
[2023-08-17T00:32:49.817+0000] {processor.py:753} INFO - DAG(s) dict_keys(['example_branch_python_operator_decorator']) retrieved from /home/airflow/.local/lib/python3.7/site-packages/airflow/example_dags/example_branch_operator_decorator.py
[2023-08-17T00:32:49.843+0000] {logging_mixin.py:137} INFO - [2023-08-17T00:32:49.843+0000] {dag.py:2690} INFO - Sync 1 DAGs
[2023-08-17T00:32:49.875+0000] {logging_mixin.py:137} INFO - [2023-08-17T00:32:49.875+0000] {dag.py:3441} INFO - Setting next_dagrun for example_branch_python_operator_decorator to 2023-08-16T00:00:00+00:00, run_after=2023-08-17T00:00:00+00:00
[2023-08-17T00:32:49.898+0000] {processor.py:175} INFO - Processing /home/airflow/.local/lib/python3.7/site-packages/airflow/example_dags/example_branch_operator_decorator.py took 0.113 seconds
[2023-08-17T00:33:20.621+0000] {processor.py:153} INFO - Started process (PID=381) to work on /home/airflow/.local/lib/python3.7/site-packages/airflow/example_dags/example_branch_operator_decorator.py
[2023-08-17T00:33:20.622+0000] {processor.py:743} INFO - Processing file /home/airflow/.local/lib/python3.7/site-packages/airflow/example_dags/example_branch_operator_decorator.py for tasks to queue
[2023-08-17T00:33:20.623+0000] {logging_mixin.py:137} INFO - [2023-08-17T00:33:20.623+0000] {dagbag.py:538} INFO - Filling up the DagBag from /home/airflow/.local/lib/python3.7/site-packages/airflow/example_dags/example_branch_operator_decorator.py
[2023-08-17T00:33:20.652+0000] {processor.py:753} INFO - DAG(s) dict_keys(['example_branch_python_operator_decorator']) retrieved from /home/airflow/.local/lib/python3.7/site-packages/airflow/example_dags/example_branch_operator_decorator.py
[2023-08-17T00:33:20.685+0000] {logging_mixin.py:137} INFO - [2023-08-17T00:33:20.684+0000] {dag.py:2690} INFO - Sync 1 DAGs
[2023-08-17T00:33:20.713+0000] {logging_mixin.py:137} INFO - [2023-08-17T00:33:20.713+0000] {dag.py:3441} INFO - Setting next_dagrun for example_branch_python_operator_decorator to 2023-08-16T00:00:00+00:00, run_after=2023-08-17T00:00:00+00:00
[2023-08-17T00:33:20.731+0000] {processor.py:175} INFO - Processing /home/airflow/.local/lib/python3.7/site-packages/airflow/example_dags/example_branch_operator_decorator.py took 0.114 seconds
