[2023-08-17T00:32:21.459+0000] {processor.py:153} INFO - Started process (PID=213) to work on /home/airflow/.local/lib/python3.7/site-packages/airflow/example_dags/example_external_task_marker_dag.py
[2023-08-17T00:32:21.460+0000] {processor.py:743} INFO - Processing file /home/airflow/.local/lib/python3.7/site-packages/airflow/example_dags/example_external_task_marker_dag.py for tasks to queue
[2023-08-17T00:32:21.461+0000] {logging_mixin.py:137} INFO - [2023-08-17T00:32:21.461+0000] {dagbag.py:538} INFO - Filling up the DagBag from /home/airflow/.local/lib/python3.7/site-packages/airflow/example_dags/example_external_task_marker_dag.py
[2023-08-17T00:32:21.478+0000] {processor.py:753} INFO - DAG(s) dict_keys(['example_external_task_marker_child', 'example_external_task_marker_parent']) retrieved from /home/airflow/.local/lib/python3.7/site-packages/airflow/example_dags/example_external_task_marker_dag.py
[2023-08-17T00:32:21.678+0000] {logging_mixin.py:137} INFO - [2023-08-17T00:32:21.678+0000] {manager.py:504} INFO - Created Permission View: can edit on DAG:example_external_task_marker_child
[2023-08-17T00:32:21.691+0000] {logging_mixin.py:137} INFO - [2023-08-17T00:32:21.690+0000] {manager.py:504} INFO - Created Permission View: can read on DAG:example_external_task_marker_child
[2023-08-17T00:32:21.700+0000] {logging_mixin.py:137} INFO - [2023-08-17T00:32:21.699+0000] {manager.py:504} INFO - Created Permission View: can delete on DAG:example_external_task_marker_child
[2023-08-17T00:32:21.715+0000] {logging_mixin.py:137} INFO - [2023-08-17T00:32:21.714+0000] {manager.py:504} INFO - Created Permission View: can edit on DAG:example_external_task_marker_parent
[2023-08-17T00:32:21.755+0000] {logging_mixin.py:137} INFO - [2023-08-17T00:32:21.755+0000] {manager.py:504} INFO - Created Permission View: can read on DAG:example_external_task_marker_parent
[2023-08-17T00:32:21.770+0000] {logging_mixin.py:137} INFO - [2023-08-17T00:32:21.770+0000] {manager.py:504} INFO - Created Permission View: can delete on DAG:example_external_task_marker_parent
[2023-08-17T00:32:21.770+0000] {logging_mixin.py:137} INFO - [2023-08-17T00:32:21.770+0000] {dag.py:2690} INFO - Sync 2 DAGs
[2023-08-17T00:32:21.786+0000] {logging_mixin.py:137} INFO - [2023-08-17T00:32:21.786+0000] {dag.py:2711} INFO - Creating ORM DAG for example_external_task_marker_parent
[2023-08-17T00:32:21.786+0000] {logging_mixin.py:137} INFO - [2023-08-17T00:32:21.786+0000] {dag.py:2711} INFO - Creating ORM DAG for example_external_task_marker_child
[2023-08-17T00:32:21.801+0000] {logging_mixin.py:137} INFO - [2023-08-17T00:32:21.800+0000] {dag.py:3441} INFO - Setting next_dagrun for example_external_task_marker_child to None, run_after=None
[2023-08-17T00:32:21.801+0000] {logging_mixin.py:137} INFO - [2023-08-17T00:32:21.801+0000] {dag.py:3441} INFO - Setting next_dagrun for example_external_task_marker_parent to None, run_after=None
[2023-08-17T00:32:21.826+0000] {processor.py:175} INFO - Processing /home/airflow/.local/lib/python3.7/site-packages/airflow/example_dags/example_external_task_marker_dag.py took 0.371 seconds
[2023-08-17T00:32:52.210+0000] {processor.py:153} INFO - Started process (PID=300) to work on /home/airflow/.local/lib/python3.7/site-packages/airflow/example_dags/example_external_task_marker_dag.py
[2023-08-17T00:32:52.211+0000] {processor.py:743} INFO - Processing file /home/airflow/.local/lib/python3.7/site-packages/airflow/example_dags/example_external_task_marker_dag.py for tasks to queue
[2023-08-17T00:32:52.212+0000] {logging_mixin.py:137} INFO - [2023-08-17T00:32:52.212+0000] {dagbag.py:538} INFO - Filling up the DagBag from /home/airflow/.local/lib/python3.7/site-packages/airflow/example_dags/example_external_task_marker_dag.py
[2023-08-17T00:32:52.230+0000] {processor.py:753} INFO - DAG(s) dict_keys(['example_external_task_marker_parent', 'example_external_task_marker_child']) retrieved from /home/airflow/.local/lib/python3.7/site-packages/airflow/example_dags/example_external_task_marker_dag.py
[2023-08-17T00:32:52.268+0000] {logging_mixin.py:137} INFO - [2023-08-17T00:32:52.267+0000] {dag.py:2690} INFO - Sync 2 DAGs
[2023-08-17T00:32:52.296+0000] {logging_mixin.py:137} INFO - [2023-08-17T00:32:52.296+0000] {dag.py:3441} INFO - Setting next_dagrun for example_external_task_marker_child to None, run_after=None
[2023-08-17T00:32:52.301+0000] {logging_mixin.py:137} INFO - [2023-08-17T00:32:52.301+0000] {dag.py:3441} INFO - Setting next_dagrun for example_external_task_marker_parent to None, run_after=None
[2023-08-17T00:32:52.324+0000] {processor.py:175} INFO - Processing /home/airflow/.local/lib/python3.7/site-packages/airflow/example_dags/example_external_task_marker_dag.py took 0.118 seconds
