[2023-08-17T00:32:20.973+0000] {processor.py:153} INFO - Started process (PID=212) to work on /home/airflow/.local/lib/python3.7/site-packages/airflow/example_dags/example_dynamic_task_mapping.py
[2023-08-17T00:32:20.973+0000] {processor.py:743} INFO - Processing file /home/airflow/.local/lib/python3.7/site-packages/airflow/example_dags/example_dynamic_task_mapping.py for tasks to queue
[2023-08-17T00:32:20.974+0000] {logging_mixin.py:137} INFO - [2023-08-17T00:32:20.974+0000] {dagbag.py:538} INFO - Filling up the DagBag from /home/airflow/.local/lib/python3.7/site-packages/airflow/example_dags/example_dynamic_task_mapping.py
[2023-08-17T00:32:21.004+0000] {processor.py:753} INFO - DAG(s) dict_keys(['example_dynamic_task_mapping']) retrieved from /home/airflow/.local/lib/python3.7/site-packages/airflow/example_dags/example_dynamic_task_mapping.py
[2023-08-17T00:32:21.271+0000] {logging_mixin.py:137} INFO - [2023-08-17T00:32:21.270+0000] {manager.py:504} INFO - Created Permission View: can edit on DAG:example_dynamic_task_mapping
[2023-08-17T00:32:21.282+0000] {logging_mixin.py:137} INFO - [2023-08-17T00:32:21.282+0000] {manager.py:504} INFO - Created Permission View: can read on DAG:example_dynamic_task_mapping
[2023-08-17T00:32:21.290+0000] {logging_mixin.py:137} INFO - [2023-08-17T00:32:21.290+0000] {manager.py:504} INFO - Created Permission View: can delete on DAG:example_dynamic_task_mapping
[2023-08-17T00:32:21.291+0000] {logging_mixin.py:137} INFO - [2023-08-17T00:32:21.291+0000] {dag.py:2690} INFO - Sync 1 DAGs
[2023-08-17T00:32:21.307+0000] {logging_mixin.py:137} INFO - [2023-08-17T00:32:21.307+0000] {dag.py:2711} INFO - Creating ORM DAG for example_dynamic_task_mapping
[2023-08-17T00:32:21.366+0000] {logging_mixin.py:137} INFO - [2023-08-17T00:32:21.366+0000] {dag.py:3441} INFO - Setting next_dagrun for example_dynamic_task_mapping to 2022-03-04T00:00:00+00:00, run_after=2022-03-05T00:00:00+00:00
[2023-08-17T00:32:21.392+0000] {processor.py:175} INFO - Processing /home/airflow/.local/lib/python3.7/site-packages/airflow/example_dags/example_dynamic_task_mapping.py took 0.423 seconds
[2023-08-17T00:32:52.011+0000] {processor.py:153} INFO - Started process (PID=299) to work on /home/airflow/.local/lib/python3.7/site-packages/airflow/example_dags/example_dynamic_task_mapping.py
[2023-08-17T00:32:52.012+0000] {processor.py:743} INFO - Processing file /home/airflow/.local/lib/python3.7/site-packages/airflow/example_dags/example_dynamic_task_mapping.py for tasks to queue
[2023-08-17T00:32:52.013+0000] {logging_mixin.py:137} INFO - [2023-08-17T00:32:52.013+0000] {dagbag.py:538} INFO - Filling up the DagBag from /home/airflow/.local/lib/python3.7/site-packages/airflow/example_dags/example_dynamic_task_mapping.py
[2023-08-17T00:32:52.045+0000] {processor.py:753} INFO - DAG(s) dict_keys(['example_dynamic_task_mapping']) retrieved from /home/airflow/.local/lib/python3.7/site-packages/airflow/example_dags/example_dynamic_task_mapping.py
[2023-08-17T00:32:52.084+0000] {logging_mixin.py:137} INFO - [2023-08-17T00:32:52.083+0000] {dag.py:2690} INFO - Sync 1 DAGs
[2023-08-17T00:32:52.122+0000] {logging_mixin.py:137} INFO - [2023-08-17T00:32:52.122+0000] {dag.py:3441} INFO - Setting next_dagrun for example_dynamic_task_mapping to 2022-03-04T00:00:00+00:00, run_after=2022-03-05T00:00:00+00:00
[2023-08-17T00:32:52.146+0000] {processor.py:175} INFO - Processing /home/airflow/.local/lib/python3.7/site-packages/airflow/example_dags/example_dynamic_task_mapping.py took 0.139 seconds
[2023-08-17T00:33:22.200+0000] {processor.py:153} INFO - Started process (PID=385) to work on /home/airflow/.local/lib/python3.7/site-packages/airflow/example_dags/example_dynamic_task_mapping.py
[2023-08-17T00:33:22.201+0000] {processor.py:743} INFO - Processing file /home/airflow/.local/lib/python3.7/site-packages/airflow/example_dags/example_dynamic_task_mapping.py for tasks to queue
[2023-08-17T00:33:22.202+0000] {logging_mixin.py:137} INFO - [2023-08-17T00:33:22.202+0000] {dagbag.py:538} INFO - Filling up the DagBag from /home/airflow/.local/lib/python3.7/site-packages/airflow/example_dags/example_dynamic_task_mapping.py
[2023-08-17T00:33:22.262+0000] {processor.py:753} INFO - DAG(s) dict_keys(['example_dynamic_task_mapping']) retrieved from /home/airflow/.local/lib/python3.7/site-packages/airflow/example_dags/example_dynamic_task_mapping.py
[2023-08-17T00:33:22.294+0000] {logging_mixin.py:137} INFO - [2023-08-17T00:33:22.294+0000] {dag.py:2690} INFO - Sync 1 DAGs
