[2023-08-17T00:32:18.290+0000] {processor.py:153} INFO - Started process (PID=205) to work on /home/airflow/.local/lib/python3.7/site-packages/airflow/example_dags/example_branch_labels.py
[2023-08-17T00:32:18.291+0000] {processor.py:743} INFO - Processing file /home/airflow/.local/lib/python3.7/site-packages/airflow/example_dags/example_branch_labels.py for tasks to queue
[2023-08-17T00:32:18.292+0000] {logging_mixin.py:137} INFO - [2023-08-17T00:32:18.292+0000] {dagbag.py:538} INFO - Filling up the DagBag from /home/airflow/.local/lib/python3.7/site-packages/airflow/example_dags/example_branch_labels.py
[2023-08-17T00:32:18.371+0000] {processor.py:753} INFO - DAG(s) dict_keys(['example_branch_labels']) retrieved from /home/airflow/.local/lib/python3.7/site-packages/airflow/example_dags/example_branch_labels.py
[2023-08-17T00:32:18.676+0000] {logging_mixin.py:137} INFO - [2023-08-17T00:32:18.675+0000] {manager.py:504} INFO - Created Permission View: can edit on DAG:example_branch_labels
[2023-08-17T00:32:18.685+0000] {logging_mixin.py:137} INFO - [2023-08-17T00:32:18.685+0000] {manager.py:504} INFO - Created Permission View: can read on DAG:example_branch_labels
[2023-08-17T00:32:18.691+0000] {logging_mixin.py:137} INFO - [2023-08-17T00:32:18.691+0000] {manager.py:504} INFO - Created Permission View: can delete on DAG:example_branch_labels
[2023-08-17T00:32:18.692+0000] {logging_mixin.py:137} INFO - [2023-08-17T00:32:18.692+0000] {dag.py:2690} INFO - Sync 1 DAGs
[2023-08-17T00:32:18.787+0000] {logging_mixin.py:137} INFO - [2023-08-17T00:32:18.787+0000] {dag.py:2711} INFO - Creating ORM DAG for example_branch_labels
[2023-08-17T00:32:18.873+0000] {logging_mixin.py:137} INFO - [2023-08-17T00:32:18.872+0000] {dag.py:3441} INFO - Setting next_dagrun for example_branch_labels to 2023-08-16T00:00:00+00:00, run_after=2023-08-17T00:00:00+00:00
[2023-08-17T00:32:18.895+0000] {processor.py:175} INFO - Processing /home/airflow/.local/lib/python3.7/site-packages/airflow/example_dags/example_branch_labels.py took 0.612 seconds
[2023-08-17T00:32:49.536+0000] {processor.py:153} INFO - Started process (PID=292) to work on /home/airflow/.local/lib/python3.7/site-packages/airflow/example_dags/example_branch_labels.py
[2023-08-17T00:32:49.538+0000] {processor.py:743} INFO - Processing file /home/airflow/.local/lib/python3.7/site-packages/airflow/example_dags/example_branch_labels.py for tasks to queue
[2023-08-17T00:32:49.538+0000] {logging_mixin.py:137} INFO - [2023-08-17T00:32:49.538+0000] {dagbag.py:538} INFO - Filling up the DagBag from /home/airflow/.local/lib/python3.7/site-packages/airflow/example_dags/example_branch_labels.py
[2023-08-17T00:32:49.555+0000] {processor.py:753} INFO - DAG(s) dict_keys(['example_branch_labels']) retrieved from /home/airflow/.local/lib/python3.7/site-packages/airflow/example_dags/example_branch_labels.py
[2023-08-17T00:32:49.586+0000] {logging_mixin.py:137} INFO - [2023-08-17T00:32:49.586+0000] {dag.py:2690} INFO - Sync 1 DAGs
[2023-08-17T00:32:49.615+0000] {logging_mixin.py:137} INFO - [2023-08-17T00:32:49.615+0000] {dag.py:3441} INFO - Setting next_dagrun for example_branch_labels to 2023-08-16T00:00:00+00:00, run_after=2023-08-17T00:00:00+00:00
[2023-08-17T00:32:49.636+0000] {processor.py:175} INFO - Processing /home/airflow/.local/lib/python3.7/site-packages/airflow/example_dags/example_branch_labels.py took 0.103 seconds
[2023-08-17T00:33:20.349+0000] {processor.py:153} INFO - Started process (PID=379) to work on /home/airflow/.local/lib/python3.7/site-packages/airflow/example_dags/example_branch_labels.py
[2023-08-17T00:33:20.350+0000] {processor.py:743} INFO - Processing file /home/airflow/.local/lib/python3.7/site-packages/airflow/example_dags/example_branch_labels.py for tasks to queue
[2023-08-17T00:33:20.351+0000] {logging_mixin.py:137} INFO - [2023-08-17T00:33:20.351+0000] {dagbag.py:538} INFO - Filling up the DagBag from /home/airflow/.local/lib/python3.7/site-packages/airflow/example_dags/example_branch_labels.py
[2023-08-17T00:33:20.367+0000] {processor.py:753} INFO - DAG(s) dict_keys(['example_branch_labels']) retrieved from /home/airflow/.local/lib/python3.7/site-packages/airflow/example_dags/example_branch_labels.py
[2023-08-17T00:33:20.396+0000] {logging_mixin.py:137} INFO - [2023-08-17T00:33:20.396+0000] {dag.py:2690} INFO - Sync 1 DAGs
[2023-08-17T00:33:20.425+0000] {logging_mixin.py:137} INFO - [2023-08-17T00:33:20.425+0000] {dag.py:3441} INFO - Setting next_dagrun for example_branch_labels to 2023-08-16T00:00:00+00:00, run_after=2023-08-17T00:00:00+00:00
[2023-08-17T00:33:20.445+0000] {processor.py:175} INFO - Processing /home/airflow/.local/lib/python3.7/site-packages/airflow/example_dags/example_branch_labels.py took 0.099 seconds
