[2023-08-17T00:32:17.179+0000] {processor.py:153} INFO - Started process (PID=187) to work on /home/airflow/.local/lib/python3.7/site-packages/airflow/example_dags/example_bash_operator.py
[2023-08-17T00:32:17.180+0000] {processor.py:743} INFO - Processing file /home/airflow/.local/lib/python3.7/site-packages/airflow/example_dags/example_bash_operator.py for tasks to queue
[2023-08-17T00:32:17.181+0000] {logging_mixin.py:137} INFO - [2023-08-17T00:32:17.181+0000] {dagbag.py:538} INFO - Filling up the DagBag from /home/airflow/.local/lib/python3.7/site-packages/airflow/example_dags/example_bash_operator.py
[2023-08-17T00:32:17.291+0000] {processor.py:753} INFO - DAG(s) dict_keys(['example_bash_operator']) retrieved from /home/airflow/.local/lib/python3.7/site-packages/airflow/example_dags/example_bash_operator.py
[2023-08-17T00:32:17.791+0000] {logging_mixin.py:137} INFO - [2023-08-17T00:32:17.791+0000] {manager.py:504} INFO - Created Permission View: can edit on DAG:example_bash_operator
[2023-08-17T00:32:17.858+0000] {logging_mixin.py:137} INFO - [2023-08-17T00:32:17.858+0000] {manager.py:504} INFO - Created Permission View: can read on DAG:example_bash_operator
[2023-08-17T00:32:17.868+0000] {logging_mixin.py:137} INFO - [2023-08-17T00:32:17.868+0000] {manager.py:504} INFO - Created Permission View: can delete on DAG:example_bash_operator
[2023-08-17T00:32:17.868+0000] {logging_mixin.py:137} INFO - [2023-08-17T00:32:17.868+0000] {dag.py:2690} INFO - Sync 1 DAGs
[2023-08-17T00:32:17.888+0000] {logging_mixin.py:137} INFO - [2023-08-17T00:32:17.888+0000] {dag.py:2711} INFO - Creating ORM DAG for example_bash_operator
[2023-08-17T00:32:17.906+0000] {logging_mixin.py:137} INFO - [2023-08-17T00:32:17.906+0000] {dag.py:3441} INFO - Setting next_dagrun for example_bash_operator to 2023-08-16T00:00:00+00:00, run_after=2023-08-17T00:00:00+00:00
[2023-08-17T00:32:17.975+0000] {processor.py:175} INFO - Processing /home/airflow/.local/lib/python3.7/site-packages/airflow/example_dags/example_bash_operator.py took 0.801 seconds
[2023-08-17T00:32:48.289+0000] {processor.py:153} INFO - Started process (PID=289) to work on /home/airflow/.local/lib/python3.7/site-packages/airflow/example_dags/example_bash_operator.py
[2023-08-17T00:32:48.291+0000] {processor.py:743} INFO - Processing file /home/airflow/.local/lib/python3.7/site-packages/airflow/example_dags/example_bash_operator.py for tasks to queue
[2023-08-17T00:32:48.292+0000] {logging_mixin.py:137} INFO - [2023-08-17T00:32:48.291+0000] {dagbag.py:538} INFO - Filling up the DagBag from /home/airflow/.local/lib/python3.7/site-packages/airflow/example_dags/example_bash_operator.py
[2023-08-17T00:32:48.325+0000] {processor.py:753} INFO - DAG(s) dict_keys(['example_bash_operator']) retrieved from /home/airflow/.local/lib/python3.7/site-packages/airflow/example_dags/example_bash_operator.py
[2023-08-17T00:32:48.428+0000] {logging_mixin.py:137} INFO - [2023-08-17T00:32:48.428+0000] {dag.py:2690} INFO - Sync 1 DAGs
[2023-08-17T00:32:48.479+0000] {logging_mixin.py:137} INFO - [2023-08-17T00:32:48.478+0000] {dag.py:3441} INFO - Setting next_dagrun for example_bash_operator to 2023-08-16T00:00:00+00:00, run_after=2023-08-17T00:00:00+00:00
[2023-08-17T00:32:48.501+0000] {processor.py:175} INFO - Processing /home/airflow/.local/lib/python3.7/site-packages/airflow/example_dags/example_bash_operator.py took 0.216 seconds
[2023-08-17T00:33:19.307+0000] {processor.py:153} INFO - Started process (PID=376) to work on /home/airflow/.local/lib/python3.7/site-packages/airflow/example_dags/example_bash_operator.py
[2023-08-17T00:33:19.309+0000] {processor.py:743} INFO - Processing file /home/airflow/.local/lib/python3.7/site-packages/airflow/example_dags/example_bash_operator.py for tasks to queue
[2023-08-17T00:33:19.309+0000] {logging_mixin.py:137} INFO - [2023-08-17T00:33:19.309+0000] {dagbag.py:538} INFO - Filling up the DagBag from /home/airflow/.local/lib/python3.7/site-packages/airflow/example_dags/example_bash_operator.py
[2023-08-17T00:33:19.336+0000] {processor.py:753} INFO - DAG(s) dict_keys(['example_bash_operator']) retrieved from /home/airflow/.local/lib/python3.7/site-packages/airflow/example_dags/example_bash_operator.py
[2023-08-17T00:33:19.378+0000] {logging_mixin.py:137} INFO - [2023-08-17T00:33:19.378+0000] {dag.py:2690} INFO - Sync 1 DAGs
[2023-08-17T00:33:19.409+0000] {logging_mixin.py:137} INFO - [2023-08-17T00:33:19.409+0000] {dag.py:3441} INFO - Setting next_dagrun for example_bash_operator to 2023-08-16T00:00:00+00:00, run_after=2023-08-17T00:00:00+00:00
[2023-08-17T00:33:19.431+0000] {processor.py:175} INFO - Processing /home/airflow/.local/lib/python3.7/site-packages/airflow/example_dags/example_bash_operator.py took 0.128 seconds
